[2023-04-05T17:25:57.212+0000] {manager.py:483} INFO - Processing files using up to 2 processes at a time 
[2023-04-05T17:25:57.214+0000] {manager.py:484} INFO - Process each file at most once every 30 seconds
[2023-04-05T17:25:57.216+0000] {manager.py:486} INFO - Checking for new files in /opt/airflow/dags every 300 seconds
[2023-04-05T17:25:57.220+0000] {manager.py:726} INFO - Searching for files in /opt/airflow/dags
[2023-04-05T17:25:57.222+0000] {manager.py:729} INFO - There are 0 files in /opt/airflow/dags
[2023-04-05T17:32:52.772+0000] {manager.py:726} INFO - Searching for files in /opt/airflow/dags
[2023-04-05T17:32:52.784+0000] {manager.py:729} INFO - There are 0 files in /opt/airflow/dags
[2023-04-05T17:37:53.752+0000] {manager.py:726} INFO - Searching for files in /opt/airflow/dags
[2023-04-05T17:37:53.756+0000] {manager.py:729} INFO - There are 0 files in /opt/airflow/dags
[2023-04-05T17:45:47.729+0000] {manager.py:726} INFO - Searching for files in /opt/airflow/dags
[2023-04-05T17:45:47.732+0000] {manager.py:729} INFO - There are 0 files in /opt/airflow/dags
[2023-04-05T17:50:48.438+0000] {manager.py:726} INFO - Searching for files in /opt/airflow/dags
[2023-04-05T17:50:48.448+0000] {manager.py:729} INFO - There are 0 files in /opt/airflow/dags
[2023-04-05T17:56:53.598+0000] {manager.py:726} INFO - Searching for files in /opt/airflow/dags
[2023-04-05T17:56:53.604+0000] {manager.py:729} INFO - There are 0 files in /opt/airflow/dags
[2023-04-05T18:01:53.815+0000] {manager.py:726} INFO - Searching for files in /opt/airflow/dags
[2023-04-05T18:01:53.818+0000] {manager.py:729} INFO - There are 0 files in /opt/airflow/dags
[2023-04-05T18:07:48.959+0000] {manager.py:726} INFO - Searching for files in /opt/airflow/dags
[2023-04-05T18:07:48.974+0000] {manager.py:729} INFO - There are 0 files in /opt/airflow/dags
[2023-04-05T18:12:49.197+0000] {manager.py:726} INFO - Searching for files in /opt/airflow/dags
[2023-04-05T18:12:49.202+0000] {manager.py:729} INFO - There are 0 files in /opt/airflow/dags
[2023-04-05T18:17:49.482+0000] {manager.py:726} INFO - Searching for files in /opt/airflow/dags
[2023-04-05T18:17:49.497+0000] {manager.py:729} INFO - There are 0 files in /opt/airflow/dags
[2023-04-05T18:22:49.867+0000] {manager.py:726} INFO - Searching for files in /opt/airflow/dags
[2023-04-05T18:22:49.873+0000] {manager.py:729} INFO - There are 0 files in /opt/airflow/dags
[2023-04-05T18:27:50.018+0000] {manager.py:726} INFO - Searching for files in /opt/airflow/dags
[2023-04-05T18:27:50.022+0000] {manager.py:729} INFO - There are 0 files in /opt/airflow/dags
[2023-04-05T18:32:50.104+0000] {manager.py:726} INFO - Searching for files in /opt/airflow/dags
[2023-04-05T18:32:50.118+0000] {manager.py:729} INFO - There are 0 files in /opt/airflow/dags
[2023-04-05T18:37:50.400+0000] {manager.py:726} INFO - Searching for files in /opt/airflow/dags
[2023-04-05T18:37:50.412+0000] {manager.py:729} INFO - There are 0 files in /opt/airflow/dags
[2023-04-05T18:42:50.636+0000] {manager.py:726} INFO - Searching for files in /opt/airflow/dags
[2023-04-05T18:42:50.647+0000] {manager.py:729} INFO - There are 0 files in /opt/airflow/dags
[2023-04-05T18:47:50.819+0000] {manager.py:726} INFO - Searching for files in /opt/airflow/dags
[2023-04-05T18:47:50.828+0000] {manager.py:729} INFO - There are 0 files in /opt/airflow/dags
[2023-04-05T18:52:51.068+0000] {manager.py:726} INFO - Searching for files in /opt/airflow/dags
[2023-04-05T18:52:51.077+0000] {manager.py:729} INFO - There are 0 files in /opt/airflow/dags
[2023-04-05T18:58:16.509+0000] {manager.py:726} INFO - Searching for files in /opt/airflow/dags
[2023-04-05T18:58:16.516+0000] {manager.py:729} INFO - There are 0 files in /opt/airflow/dags
[2023-04-05T19:07:07.884+0000] {manager.py:726} INFO - Searching for files in /opt/airflow/dags
[2023-04-05T19:07:07.888+0000] {manager.py:729} INFO - There are 0 files in /opt/airflow/dags
[2023-04-05T19:15:23.955+0000] {manager.py:726} INFO - Searching for files in /opt/airflow/dags
[2023-04-05T19:15:23.964+0000] {manager.py:729} INFO - There are 0 files in /opt/airflow/dags
[2023-04-05T19:23:08.008+0000] {manager.py:726} INFO - Searching for files in /opt/airflow/dags
[2023-04-05T19:23:08.014+0000] {manager.py:729} INFO - There are 0 files in /opt/airflow/dags
[2023-04-05T19:28:08.379+0000] {manager.py:726} INFO - Searching for files in /opt/airflow/dags
[2023-04-05T19:28:08.382+0000] {manager.py:729} INFO - There are 0 files in /opt/airflow/dags
[2023-04-05T19:36:31.118+0000] {manager.py:726} INFO - Searching for files in /opt/airflow/dags
[2023-04-05T19:36:31.120+0000] {manager.py:729} INFO - There are 0 files in /opt/airflow/dags
[2023-04-05T19:44:54.997+0000] {manager.py:726} INFO - Searching for files in /opt/airflow/dags
[2023-04-05T19:44:55.000+0000] {manager.py:729} INFO - There are 0 files in /opt/airflow/dags
[2023-04-05T19:50:02.386+0000] {manager.py:726} INFO - Searching for files in /opt/airflow/dags
[2023-04-05T19:50:02.391+0000] {manager.py:729} INFO - There are 0 files in /opt/airflow/dags
[2023-04-05T19:56:11.387+0000] {manager.py:726} INFO - Searching for files in /opt/airflow/dags
[2023-04-05T19:56:11.390+0000] {manager.py:729} INFO - There are 0 files in /opt/airflow/dags
[2023-04-05T20:01:11.781+0000] {manager.py:726} INFO - Searching for files in /opt/airflow/dags
[2023-04-05T20:01:11.790+0000] {manager.py:729} INFO - There are 0 files in /opt/airflow/dags
[2023-04-05T20:09:13.167+0000] {manager.py:726} INFO - Searching for files in /opt/airflow/dags
[2023-04-05T20:09:13.173+0000] {manager.py:729} INFO - There are 0 files in /opt/airflow/dags
[2023-04-05T20:17:06.829+0000] {manager.py:726} INFO - Searching for files in /opt/airflow/dags
[2023-04-05T20:17:06.833+0000] {manager.py:729} INFO - There are 0 files in /opt/airflow/dags
[2023-04-05T20:22:07.613+0000] {manager.py:726} INFO - Searching for files in /opt/airflow/dags
[2023-04-05T20:22:07.620+0000] {manager.py:729} INFO - There are 0 files in /opt/airflow/dags
[2023-04-05T20:27:07.880+0000] {manager.py:726} INFO - Searching for files in /opt/airflow/dags
[2023-04-05T20:27:07.883+0000] {manager.py:729} INFO - There are 0 files in /opt/airflow/dags
[2023-04-05T20:32:07.896+0000] {manager.py:726} INFO - Searching for files in /opt/airflow/dags
[2023-04-05T20:32:07.902+0000] {manager.py:729} INFO - There are 0 files in /opt/airflow/dags
[2023-04-05T20:39:44.326+0000] {manager.py:726} INFO - Searching for files in /opt/airflow/dags
[2023-04-05T20:39:44.329+0000] {manager.py:729} INFO - There are 0 files in /opt/airflow/dags
[2023-04-05T20:44:45.242+0000] {manager.py:726} INFO - Searching for files in /opt/airflow/dags
[2023-04-05T20:44:45.251+0000] {manager.py:729} INFO - There are 0 files in /opt/airflow/dags
[2023-04-05T20:49:46.121+0000] {manager.py:726} INFO - Searching for files in /opt/airflow/dags
[2023-04-05T20:49:46.136+0000] {manager.py:729} INFO - There are 0 files in /opt/airflow/dags
[2023-04-05T20:57:23.058+0000] {manager.py:726} INFO - Searching for files in /opt/airflow/dags
[2023-04-05T20:57:23.060+0000] {manager.py:729} INFO - There are 0 files in /opt/airflow/dags
[2023-04-05T21:02:23.496+0000] {manager.py:726} INFO - Searching for files in /opt/airflow/dags
[2023-04-05T21:02:23.503+0000] {manager.py:729} INFO - There are 0 files in /opt/airflow/dags
[2023-04-05T21:07:23.726+0000] {manager.py:726} INFO - Searching for files in /opt/airflow/dags
[2023-04-05T21:07:23.730+0000] {manager.py:729} INFO - There are 0 files in /opt/airflow/dags
[2023-04-05T21:14:47.688+0000] {manager.py:726} INFO - Searching for files in /opt/airflow/dags
[2023-04-05T21:14:47.696+0000] {manager.py:729} INFO - There are 0 files in /opt/airflow/dags
[2023-04-05T21:19:47.823+0000] {manager.py:726} INFO - Searching for files in /opt/airflow/dags
[2023-04-05T21:19:47.831+0000] {manager.py:729} INFO - There are 0 files in /opt/airflow/dags
[2023-04-05T21:28:34.053+0000] {manager.py:726} INFO - Searching for files in /opt/airflow/dags
[2023-04-05T21:28:34.062+0000] {manager.py:729} INFO - There are 0 files in /opt/airflow/dags
[2023-04-05T21:37:13.694+0000] {manager.py:726} INFO - Searching for files in /opt/airflow/dags
[2023-04-05T21:37:13.703+0000] {manager.py:729} INFO - There are 0 files in /opt/airflow/dags
[2023-04-05T21:45:02.038+0000] {manager.py:726} INFO - Searching for files in /opt/airflow/dags
[2023-04-05T21:45:02.046+0000] {manager.py:729} INFO - There are 0 files in /opt/airflow/dags
[2023-04-05T21:50:02.610+0000] {manager.py:726} INFO - Searching for files in /opt/airflow/dags
[2023-04-05T21:50:02.624+0000] {manager.py:729} INFO - There are 0 files in /opt/airflow/dags
[2023-04-05T21:58:12.799+0000] {manager.py:726} INFO - Searching for files in /opt/airflow/dags
[2023-04-05T21:58:12.806+0000] {manager.py:729} INFO - There are 0 files in /opt/airflow/dags
[2023-04-05T22:03:13.631+0000] {manager.py:726} INFO - Searching for files in /opt/airflow/dags
[2023-04-05T22:03:13.640+0000] {manager.py:729} INFO - There are 0 files in /opt/airflow/dags
[2023-04-05T22:11:00.773+0000] {manager.py:726} INFO - Searching for files in /opt/airflow/dags
[2023-04-05T22:11:00.777+0000] {manager.py:729} INFO - There are 0 files in /opt/airflow/dags
[2023-04-05T22:19:15.382+0000] {manager.py:726} INFO - Searching for files in /opt/airflow/dags
[2023-04-05T22:19:15.388+0000] {manager.py:729} INFO - There are 0 files in /opt/airflow/dags
[2023-04-05T22:24:15.904+0000] {manager.py:726} INFO - Searching for files in /opt/airflow/dags
[2023-04-05T22:24:15.913+0000] {manager.py:729} INFO - There are 0 files in /opt/airflow/dags
[2023-04-05T22:39:37.817+0000] {manager.py:726} INFO - Searching for files in /opt/airflow/dags
[2023-04-05T22:39:37.821+0000] {manager.py:729} INFO - There are 0 files in /opt/airflow/dags
[2023-04-05T22:57:56.840+0000] {manager.py:726} INFO - Searching for files in /opt/airflow/dags
[2023-04-05T22:57:56.845+0000] {manager.py:729} INFO - There are 0 files in /opt/airflow/dags
[2023-04-05T23:15:50.019+0000] {manager.py:726} INFO - Searching for files in /opt/airflow/dags
[2023-04-05T23:15:50.024+0000] {manager.py:729} INFO - There are 0 files in /opt/airflow/dags
[2023-04-05T23:34:10.915+0000] {manager.py:726} INFO - Searching for files in /opt/airflow/dags
[2023-04-05T23:34:10.928+0000] {manager.py:729} INFO - There are 0 files in /opt/airflow/dags
[2023-04-05T23:50:50.565+0000] {manager.py:726} INFO - Searching for files in /opt/airflow/dags
[2023-04-05T23:50:50.570+0000] {manager.py:729} INFO - There are 0 files in /opt/airflow/dags
[2023-04-06T00:07:32.934+0000] {manager.py:726} INFO - Searching for files in /opt/airflow/dags
[2023-04-06T00:07:32.941+0000] {manager.py:729} INFO - There are 0 files in /opt/airflow/dags
[2023-04-06T00:24:22.767+0000] {manager.py:726} INFO - Searching for files in /opt/airflow/dags
[2023-04-06T00:24:22.771+0000] {manager.py:729} INFO - There are 0 files in /opt/airflow/dags
[2023-04-06T00:40:30.008+0000] {manager.py:726} INFO - Searching for files in /opt/airflow/dags
[2023-04-06T00:40:30.012+0000] {manager.py:729} INFO - There are 0 files in /opt/airflow/dags
[2023-04-06T00:57:49.085+0000] {manager.py:726} INFO - Searching for files in /opt/airflow/dags
[2023-04-06T00:57:49.091+0000] {manager.py:729} INFO - There are 0 files in /opt/airflow/dags
[2023-04-06T01:12:26.006+0000] {manager.py:726} INFO - Searching for files in /opt/airflow/dags
[2023-04-06T01:12:26.019+0000] {manager.py:729} INFO - There are 0 files in /opt/airflow/dags
[2023-04-06T01:29:43.864+0000] {manager.py:726} INFO - Searching for files in /opt/airflow/dags
[2023-04-06T01:29:43.868+0000] {manager.py:729} INFO - There are 0 files in /opt/airflow/dags
[2023-04-06T01:48:04.456+0000] {manager.py:726} INFO - Searching for files in /opt/airflow/dags
[2023-04-06T01:48:04.464+0000] {manager.py:729} INFO - There are 0 files in /opt/airflow/dags
[2023-04-06T02:04:36.322+0000] {manager.py:726} INFO - Searching for files in /opt/airflow/dags
[2023-04-06T02:04:36.334+0000] {manager.py:729} INFO - There are 0 files in /opt/airflow/dags
[2023-04-06T02:20:55.407+0000] {manager.py:726} INFO - Searching for files in /opt/airflow/dags
[2023-04-06T02:20:55.411+0000] {manager.py:729} INFO - There are 0 files in /opt/airflow/dags
[2023-04-06T02:38:12.100+0000] {manager.py:726} INFO - Searching for files in /opt/airflow/dags
[2023-04-06T02:38:12.105+0000] {manager.py:729} INFO - There are 0 files in /opt/airflow/dags
[2023-04-06T02:55:09.430+0000] {manager.py:726} INFO - Searching for files in /opt/airflow/dags
[2023-04-06T02:55:09.434+0000] {manager.py:729} INFO - There are 0 files in /opt/airflow/dags
[2023-04-06T03:11:40.736+0000] {manager.py:726} INFO - Searching for files in /opt/airflow/dags
[2023-04-06T03:11:40.739+0000] {manager.py:729} INFO - There are 0 files in /opt/airflow/dags
[2023-04-06T03:27:52.512+0000] {manager.py:726} INFO - Searching for files in /opt/airflow/dags
[2023-04-06T03:27:52.518+0000] {manager.py:729} INFO - There are 0 files in /opt/airflow/dags
[2023-04-06T03:44:01.413+0000] {manager.py:726} INFO - Searching for files in /opt/airflow/dags
[2023-04-06T03:44:01.416+0000] {manager.py:729} INFO - There are 0 files in /opt/airflow/dags
[2023-04-06T04:01:17.763+0000] {manager.py:726} INFO - Searching for files in /opt/airflow/dags
[2023-04-06T04:01:17.775+0000] {manager.py:729} INFO - There are 0 files in /opt/airflow/dags
[2023-04-06T04:53:54.335+0000] {manager.py:726} INFO - Searching for files in /opt/airflow/dags
[2023-04-06T04:53:54.340+0000] {manager.py:729} INFO - There are 0 files in /opt/airflow/dags
[2023-04-06T06:16:52.315+0000] {manager.py:726} INFO - Searching for files in /opt/airflow/dags
[2023-04-06T06:16:52.324+0000] {manager.py:729} INFO - There are 0 files in /opt/airflow/dags
[2023-04-06T06:35:47.459+0000] {manager.py:726} INFO - Searching for files in /opt/airflow/dags
[2023-04-06T06:35:47.463+0000] {manager.py:729} INFO - There are 0 files in /opt/airflow/dags
[2023-04-06T06:40:47.937+0000] {manager.py:726} INFO - Searching for files in /opt/airflow/dags
[2023-04-06T06:40:47.955+0000] {manager.py:729} INFO - There are 0 files in /opt/airflow/dags
[2023-04-06T06:45:48.453+0000] {manager.py:726} INFO - Searching for files in /opt/airflow/dags
[2023-04-06T06:45:48.461+0000] {manager.py:729} INFO - There are 0 files in /opt/airflow/dags
[2023-04-06T06:50:48.710+0000] {manager.py:726} INFO - Searching for files in /opt/airflow/dags
[2023-04-06T06:50:48.717+0000] {manager.py:729} INFO - There are 0 files in /opt/airflow/dags
[2023-04-06T06:55:49.048+0000] {manager.py:726} INFO - Searching for files in /opt/airflow/dags
[2023-04-06T06:55:49.057+0000] {manager.py:729} INFO - There are 0 files in /opt/airflow/dags
[2023-04-06T07:00:49.900+0000] {manager.py:726} INFO - Searching for files in /opt/airflow/dags
[2023-04-06T07:00:49.906+0000] {manager.py:729} INFO - There are 0 files in /opt/airflow/dags
[2023-04-06T07:06:01.857+0000] {manager.py:726} INFO - Searching for files in /opt/airflow/dags
[2023-04-06T07:06:01.871+0000] {manager.py:729} INFO - There are 0 files in /opt/airflow/dags
[2023-04-06T07:12:03.617+0000] {manager.py:726} INFO - Searching for files in /opt/airflow/dags
[2023-04-06T07:12:03.632+0000] {manager.py:729} INFO - There are 0 files in /opt/airflow/dags
[2023-04-06T07:18:07.100+0000] {manager.py:726} INFO - Searching for files in /opt/airflow/dags
[2023-04-06T07:18:07.106+0000] {manager.py:729} INFO - There are 0 files in /opt/airflow/dags
[2023-04-06T07:24:10.394+0000] {manager.py:726} INFO - Searching for files in /opt/airflow/dags
[2023-04-06T07:24:10.403+0000] {manager.py:729} INFO - There are 0 files in /opt/airflow/dags
[2023-04-06T07:41:45.924+0000] {manager.py:726} INFO - Searching for files in /opt/airflow/dags
[2023-04-06T07:41:45.937+0000] {manager.py:729} INFO - There are 0 files in /opt/airflow/dags
[2023-04-06T07:49:13.362+0000] {manager.py:726} INFO - Searching for files in /opt/airflow/dags
[2023-04-06T07:49:13.370+0000] {manager.py:729} INFO - There are 0 files in /opt/airflow/dags
[2023-04-06T07:54:13.819+0000] {manager.py:726} INFO - Searching for files in /opt/airflow/dags
[2023-04-06T07:54:13.832+0000] {manager.py:729} INFO - There are 0 files in /opt/airflow/dags
[2023-04-06T07:59:13.940+0000] {manager.py:726} INFO - Searching for files in /opt/airflow/dags
[2023-04-06T07:59:13.944+0000] {manager.py:729} INFO - There are 0 files in /opt/airflow/dags
[2023-04-06T08:04:14.059+0000] {manager.py:726} INFO - Searching for files in /opt/airflow/dags
[2023-04-06T08:04:14.087+0000] {manager.py:729} INFO - There are 0 files in /opt/airflow/dags
[2023-04-06T08:09:14.435+0000] {manager.py:726} INFO - Searching for files in /opt/airflow/dags
[2023-04-06T08:09:14.445+0000] {manager.py:729} INFO - There are 0 files in /opt/airflow/dags
[2023-04-06T08:14:14.667+0000] {manager.py:726} INFO - Searching for files in /opt/airflow/dags
[2023-04-06T08:14:14.678+0000] {manager.py:729} INFO - There are 0 files in /opt/airflow/dags
[2023-04-06T08:19:14.853+0000] {manager.py:726} INFO - Searching for files in /opt/airflow/dags
[2023-04-06T08:19:14.863+0000] {manager.py:729} INFO - There are 0 files in /opt/airflow/dags
[2023-04-06T08:24:15.015+0000] {manager.py:726} INFO - Searching for files in /opt/airflow/dags
[2023-04-06T08:24:15.024+0000] {manager.py:729} INFO - There are 0 files in /opt/airflow/dags
[2023-04-06T08:29:15.103+0000] {manager.py:726} INFO - Searching for files in /opt/airflow/dags
[2023-04-06T08:29:15.123+0000] {manager.py:729} INFO - There are 0 files in /opt/airflow/dags
[2023-04-06T08:34:15.994+0000] {manager.py:726} INFO - Searching for files in /opt/airflow/dags
[2023-04-06T08:34:16.000+0000] {manager.py:729} INFO - There are 0 files in /opt/airflow/dags
[2023-04-06T08:39:16.615+0000] {manager.py:726} INFO - Searching for files in /opt/airflow/dags
[2023-04-06T08:39:16.623+0000] {manager.py:729} INFO - There are 0 files in /opt/airflow/dags
[2023-04-06T08:44:16.992+0000] {manager.py:726} INFO - Searching for files in /opt/airflow/dags
[2023-04-06T08:44:17.005+0000] {manager.py:729} INFO - There are 0 files in /opt/airflow/dags
[2023-04-06T08:49:17.487+0000] {manager.py:726} INFO - Searching for files in /opt/airflow/dags
[2023-04-06T08:49:17.495+0000] {manager.py:729} INFO - There are 0 files in /opt/airflow/dags
[2023-04-06T08:54:17.850+0000] {manager.py:726} INFO - Searching for files in /opt/airflow/dags
[2023-04-06T08:54:17.857+0000] {manager.py:729} INFO - There are 0 files in /opt/airflow/dags
[2023-04-06T08:59:18.348+0000] {manager.py:726} INFO - Searching for files in /opt/airflow/dags
[2023-04-06T08:59:18.358+0000] {manager.py:729} INFO - There are 0 files in /opt/airflow/dags
[2023-04-06T09:04:18.695+0000] {manager.py:726} INFO - Searching for files in /opt/airflow/dags
[2023-04-06T09:04:18.707+0000] {manager.py:729} INFO - There are 0 files in /opt/airflow/dags
[2023-04-06T09:09:19.160+0000] {manager.py:726} INFO - Searching for files in /opt/airflow/dags
[2023-04-06T09:09:19.172+0000] {manager.py:729} INFO - There are 0 files in /opt/airflow/dags
[2023-04-06T09:14:19.567+0000] {manager.py:726} INFO - Searching for files in /opt/airflow/dags
[2023-04-06T09:14:19.576+0000] {manager.py:729} INFO - There are 0 files in /opt/airflow/dags
[2023-04-06T09:19:19.913+0000] {manager.py:726} INFO - Searching for files in /opt/airflow/dags
[2023-04-06T09:19:19.922+0000] {manager.py:729} INFO - There are 0 files in /opt/airflow/dags
[2023-04-06T09:24:20.243+0000] {manager.py:726} INFO - Searching for files in /opt/airflow/dags
[2023-04-06T09:24:20.248+0000] {manager.py:729} INFO - There are 0 files in /opt/airflow/dags
[2023-04-06T09:29:20.705+0000] {manager.py:726} INFO - Searching for files in /opt/airflow/dags
[2023-04-06T09:29:20.720+0000] {manager.py:729} INFO - There are 0 files in /opt/airflow/dags
[2023-04-06T09:34:21.061+0000] {manager.py:726} INFO - Searching for files in /opt/airflow/dags
[2023-04-06T09:34:21.071+0000] {manager.py:729} INFO - There are 0 files in /opt/airflow/dags
[2023-04-06T09:39:21.557+0000] {manager.py:726} INFO - Searching for files in /opt/airflow/dags
[2023-04-06T09:39:21.568+0000] {manager.py:729} INFO - There are 0 files in /opt/airflow/dags
[2023-04-06T09:44:21.710+0000] {manager.py:726} INFO - Searching for files in /opt/airflow/dags
[2023-04-06T09:44:21.725+0000] {manager.py:729} INFO - There are 0 files in /opt/airflow/dags
[2023-04-06T09:49:22.176+0000] {manager.py:726} INFO - Searching for files in /opt/airflow/dags
[2023-04-06T09:49:22.179+0000] {manager.py:729} INFO - There are 0 files in /opt/airflow/dags
[2023-04-06T09:54:22.554+0000] {manager.py:726} INFO - Searching for files in /opt/airflow/dags
[2023-04-06T09:54:22.567+0000] {manager.py:729} INFO - There are 0 files in /opt/airflow/dags
[2023-04-06T09:59:22.774+0000] {manager.py:726} INFO - Searching for files in /opt/airflow/dags
[2023-04-06T09:59:22.788+0000] {manager.py:729} INFO - There are 0 files in /opt/airflow/dags
[2023-04-06T10:04:23.171+0000] {manager.py:726} INFO - Searching for files in /opt/airflow/dags
[2023-04-06T10:04:23.187+0000] {manager.py:729} INFO - There are 0 files in /opt/airflow/dags
[2023-04-06T10:09:23.581+0000] {manager.py:726} INFO - Searching for files in /opt/airflow/dags
[2023-04-06T10:09:23.593+0000] {manager.py:729} INFO - There are 0 files in /opt/airflow/dags
[2023-04-06T10:14:23.916+0000] {manager.py:726} INFO - Searching for files in /opt/airflow/dags
[2023-04-06T10:14:23.929+0000] {manager.py:729} INFO - There are 0 files in /opt/airflow/dags
[2023-04-06T10:19:24.342+0000] {manager.py:726} INFO - Searching for files in /opt/airflow/dags
[2023-04-06T10:19:24.352+0000] {manager.py:729} INFO - There are 0 files in /opt/airflow/dags
[2023-04-06T10:24:24.774+0000] {manager.py:726} INFO - Searching for files in /opt/airflow/dags
[2023-04-06T10:24:24.787+0000] {manager.py:729} INFO - There are 0 files in /opt/airflow/dags
[2023-04-06T10:29:24.968+0000] {manager.py:726} INFO - Searching for files in /opt/airflow/dags
[2023-04-06T10:29:24.981+0000] {manager.py:729} INFO - There are 0 files in /opt/airflow/dags
[2023-04-06T10:34:25.147+0000] {manager.py:726} INFO - Searching for files in /opt/airflow/dags
[2023-04-06T10:34:25.155+0000] {manager.py:729} INFO - There are 0 files in /opt/airflow/dags
[2023-04-06T10:39:25.583+0000] {manager.py:726} INFO - Searching for files in /opt/airflow/dags
[2023-04-06T10:39:25.588+0000] {manager.py:729} INFO - There are 0 files in /opt/airflow/dags
[2023-04-06T10:44:25.898+0000] {manager.py:726} INFO - Searching for files in /opt/airflow/dags
[2023-04-06T10:44:25.902+0000] {manager.py:729} INFO - There are 0 files in /opt/airflow/dags
[2023-04-06T10:49:26.304+0000] {manager.py:726} INFO - Searching for files in /opt/airflow/dags
[2023-04-06T10:49:26.314+0000] {manager.py:729} INFO - There are 0 files in /opt/airflow/dags
[2023-04-06T10:54:26.767+0000] {manager.py:726} INFO - Searching for files in /opt/airflow/dags
[2023-04-06T10:54:26.780+0000] {manager.py:729} INFO - There are 0 files in /opt/airflow/dags
[2023-04-06T10:59:26.964+0000] {manager.py:726} INFO - Searching for files in /opt/airflow/dags
[2023-04-06T10:59:26.971+0000] {manager.py:729} INFO - There are 0 files in /opt/airflow/dags
[2023-04-06T11:04:27.828+0000] {manager.py:726} INFO - Searching for files in /opt/airflow/dags
[2023-04-06T11:04:27.838+0000] {manager.py:729} INFO - There are 0 files in /opt/airflow/dags
[2023-04-06T11:09:27.965+0000] {manager.py:726} INFO - Searching for files in /opt/airflow/dags
[2023-04-06T11:09:27.971+0000] {manager.py:729} INFO - There are 0 files in /opt/airflow/dags
[2023-04-06T11:14:28.378+0000] {manager.py:726} INFO - Searching for files in /opt/airflow/dags
[2023-04-06T11:14:28.393+0000] {manager.py:729} INFO - There are 0 files in /opt/airflow/dags
[2023-04-06T11:19:28.568+0000] {manager.py:726} INFO - Searching for files in /opt/airflow/dags
[2023-04-06T11:19:28.580+0000] {manager.py:729} INFO - There are 0 files in /opt/airflow/dags
[2023-04-06T11:24:28.576+0000] {manager.py:726} INFO - Searching for files in /opt/airflow/dags
[2023-04-06T11:24:28.589+0000] {manager.py:729} INFO - There are 0 files in /opt/airflow/dags
[2023-04-06T11:29:29.571+0000] {manager.py:726} INFO - Searching for files in /opt/airflow/dags
[2023-04-06T11:29:29.588+0000] {manager.py:729} INFO - There are 0 files in /opt/airflow/dags
[2023-04-06T11:34:29.772+0000] {manager.py:726} INFO - Searching for files in /opt/airflow/dags
[2023-04-06T11:34:29.785+0000] {manager.py:729} INFO - There are 0 files in /opt/airflow/dags
[2023-04-06T11:39:29.894+0000] {manager.py:726} INFO - Searching for files in /opt/airflow/dags
[2023-04-06T11:39:29.904+0000] {manager.py:729} INFO - There are 0 files in /opt/airflow/dags
[2023-04-06T11:44:29.984+0000] {manager.py:726} INFO - Searching for files in /opt/airflow/dags
[2023-04-06T11:44:29.999+0000] {manager.py:729} INFO - There are 0 files in /opt/airflow/dags
[2023-04-06T11:49:30.012+0000] {manager.py:726} INFO - Searching for files in /opt/airflow/dags
[2023-04-06T11:49:30.022+0000] {manager.py:729} INFO - There are 0 files in /opt/airflow/dags
[2023-04-06T11:54:30.994+0000] {manager.py:726} INFO - Searching for files in /opt/airflow/dags
[2023-04-06T11:54:31.004+0000] {manager.py:729} INFO - There are 0 files in /opt/airflow/dags
[2023-04-06T11:59:31.139+0000] {manager.py:726} INFO - Searching for files in /opt/airflow/dags
[2023-04-06T11:59:31.163+0000] {manager.py:729} INFO - There are 0 files in /opt/airflow/dags
[2023-04-06T12:04:31.294+0000] {manager.py:726} INFO - Searching for files in /opt/airflow/dags
[2023-04-06T12:04:31.299+0000] {manager.py:729} INFO - There are 0 files in /opt/airflow/dags
[2023-04-06T12:09:31.450+0000] {manager.py:726} INFO - Searching for files in /opt/airflow/dags
[2023-04-06T12:09:31.458+0000] {manager.py:729} INFO - There are 0 files in /opt/airflow/dags
[2023-04-06T12:14:32.397+0000] {manager.py:726} INFO - Searching for files in /opt/airflow/dags
[2023-04-06T12:14:32.405+0000] {manager.py:729} INFO - There are 0 files in /opt/airflow/dags
[2023-04-06T12:19:32.803+0000] {manager.py:726} INFO - Searching for files in /opt/airflow/dags
[2023-04-06T12:19:32.808+0000] {manager.py:729} INFO - There are 0 files in /opt/airflow/dags
[2023-04-06T12:24:32.913+0000] {manager.py:726} INFO - Searching for files in /opt/airflow/dags
[2023-04-06T12:24:32.918+0000] {manager.py:729} INFO - There are 0 files in /opt/airflow/dags
[2023-04-06T12:29:33.183+0000] {manager.py:726} INFO - Searching for files in /opt/airflow/dags
[2023-04-06T12:29:33.188+0000] {manager.py:729} INFO - There are 0 files in /opt/airflow/dags
[2023-04-06T12:34:33.557+0000] {manager.py:726} INFO - Searching for files in /opt/airflow/dags
[2023-04-06T12:34:33.561+0000] {manager.py:729} INFO - There are 0 files in /opt/airflow/dags
[2023-04-06T12:39:33.746+0000] {manager.py:726} INFO - Searching for files in /opt/airflow/dags
[2023-04-06T12:39:33.750+0000] {manager.py:729} INFO - There are 0 files in /opt/airflow/dags
[2023-04-06T12:44:33.870+0000] {manager.py:726} INFO - Searching for files in /opt/airflow/dags
[2023-04-06T12:44:33.878+0000] {manager.py:729} INFO - There are 0 files in /opt/airflow/dags
[2023-04-06T12:49:33.926+0000] {manager.py:726} INFO - Searching for files in /opt/airflow/dags
[2023-04-06T12:49:33.932+0000] {manager.py:729} INFO - There are 0 files in /opt/airflow/dags
[2023-04-06T12:54:34.053+0000] {manager.py:726} INFO - Searching for files in /opt/airflow/dags
[2023-04-06T12:54:34.067+0000] {manager.py:729} INFO - There are 0 files in /opt/airflow/dags
[2023-04-06T12:59:34.255+0000] {manager.py:726} INFO - Searching for files in /opt/airflow/dags
[2023-04-06T12:59:34.266+0000] {manager.py:729} INFO - There are 0 files in /opt/airflow/dags
[2023-04-06T13:04:34.587+0000] {manager.py:726} INFO - Searching for files in /opt/airflow/dags
[2023-04-06T13:04:34.596+0000] {manager.py:729} INFO - There are 0 files in /opt/airflow/dags
[2023-04-06T13:09:34.654+0000] {manager.py:726} INFO - Searching for files in /opt/airflow/dags
[2023-04-06T13:09:34.668+0000] {manager.py:729} INFO - There are 0 files in /opt/airflow/dags
[2023-04-06T13:14:34.935+0000] {manager.py:726} INFO - Searching for files in /opt/airflow/dags
[2023-04-06T13:14:34.951+0000] {manager.py:729} INFO - There are 0 files in /opt/airflow/dags
[2023-04-06T13:19:35.256+0000] {manager.py:726} INFO - Searching for files in /opt/airflow/dags
[2023-04-06T13:19:35.261+0000] {manager.py:729} INFO - There are 0 files in /opt/airflow/dags
